[debug] [2020-03-17T16:57:38.752Z] ----------------------------------------------------------------------
[debug] [2020-03-17T16:57:38.754Z] Command:       /usr/local/bin/node /usr/local/bin/firebase deploy --only hosting:write-on-me
[debug] [2020-03-17T16:57:38.754Z] CLI Version:   7.15.1
[debug] [2020-03-17T16:57:38.754Z] Platform:      linux
[debug] [2020-03-17T16:57:38.754Z] Node Version:  v12.14.1
[debug] [2020-03-17T16:57:38.754Z] Time:          Tue Mar 17 2020 17:57:38 GMT+0100 (Central European Standard Time)
[debug] [2020-03-17T16:57:38.754Z] ----------------------------------------------------------------------
[debug] [2020-03-17T16:57:38.754Z] 
[debug] [2020-03-17T16:57:38.760Z] > command requires scopes: ["email","openid","https://www.googleapis.com/auth/cloudplatformprojects.readonly","https://www.googleapis.com/auth/firebase","https://www.googleapis.com/auth/cloud-platform"]
[debug] [2020-03-17T16:57:38.761Z] > authorizing via signed-in user
[debug] [2020-03-17T16:57:38.761Z] [iam] checking project writeonme for permissions ["firebase.projects.get","firebasehosting.sites.update"]
[debug] [2020-03-17T16:57:38.762Z] >>> HTTP REQUEST POST https://cloudresourcemanager.googleapis.com/v1/projects/writeonme:testIamPermissions  

[debug] [2020-03-17T16:57:39.794Z] <<< HTTP RESPONSE 200
[debug] [2020-03-17T16:57:39.800Z] >>> HTTP REQUEST GET https://firebase.googleapis.com/v1beta1/projects/writeonme  
 
[debug] [2020-03-17T16:57:40.093Z] <<< HTTP RESPONSE 200
[info] 
[info] === Deploying to 'writeonme'...
[info] 
[info] i  deploying hosting
[info] 
[info] ✔  Deploy complete!
[info] 
[info] Project Console: https://console.firebase.google.com/project/writeonme/overview
[debug] [2020-03-17T16:57:40.239Z] TypeError: Cannot read property 'deploys' of undefined
    at /usr/local/lib/node_modules/firebase-tools/lib/deploy/index.js:84:36
    at processTicksAndRejections (internal/process/task_queues.js:94:5)
[error] 
[error] Error: An unexpected error has occurred.
[debug] [2020-03-17T17:03:01.169Z] ----------------------------------------------------------------------
[debug] [2020-03-17T17:03:01.171Z] Command:       /usr/local/bin/node /usr/local/bin/firebase deploy --only hosting:write-on-me
[debug] [2020-03-17T17:03:01.171Z] CLI Version:   7.15.1
[debug] [2020-03-17T17:03:01.171Z] Platform:      linux
[debug] [2020-03-17T17:03:01.171Z] Node Version:  v12.14.1
[debug] [2020-03-17T17:03:01.172Z] Time:          Tue Mar 17 2020 18:03:01 GMT+0100 (Central European Standard Time)
[debug] [2020-03-17T17:03:01.172Z] ----------------------------------------------------------------------
[debug] [2020-03-17T17:03:01.172Z] 
[debug] [2020-03-17T17:03:01.177Z] > command requires scopes: ["email","openid","https://www.googleapis.com/auth/cloudplatformprojects.readonly","https://www.googleapis.com/auth/firebase","https://www.googleapis.com/auth/cloud-platform"]
[debug] [2020-03-17T17:03:01.178Z] > authorizing via signed-in user
[debug] [2020-03-17T17:03:01.178Z] [iam] checking project writeonme for permissions ["firebase.projects.get","firebasehosting.sites.update"]
[debug] [2020-03-17T17:03:01.179Z] > refreshing access token with scopes: ["email","https://www.googleapis.com/auth/cloud-platform","https://www.googleapis.com/auth/cloudplatformprojects.readonly","https://www.googleapis.com/auth/firebase","openid"]
[debug] [2020-03-17T17:03:01.179Z] >>> HTTP REQUEST POST https://www.googleapis.com/oauth2/v3/token  
 <request body omitted>
[debug] [2020-03-17T17:03:01.893Z] <<< HTTP RESPONSE 200
[debug] [2020-03-17T17:03:01.957Z] >>> HTTP REQUEST POST https://cloudresourcemanager.googleapis.com/v1/projects/writeonme:testIamPermissions  

[debug] [2020-03-17T17:03:03.683Z] <<< HTTP RESPONSE 200
[debug] [2020-03-17T17:03:03.687Z] >>> HTTP REQUEST GET https://firebase.googleapis.com/v1beta1/projects/writeonme  
 
[debug] [2020-03-17T17:03:04.538Z] <<< HTTP RESPONSE 200
[info] 
[info] === Deploying to 'writeonme'...
[info] 
[info] i  deploying hosting
[info] 
[info] ✔  Deploy complete!
[info] 
[info] Project Console: https://console.firebase.google.com/project/writeonme/overview
[debug] [2020-03-17T17:03:05.516Z] TypeError: Cannot read property 'deploys' of undefined
    at /usr/local/lib/node_modules/firebase-tools/lib/deploy/index.js:84:36
    at processTicksAndRejections (internal/process/task_queues.js:94:5)
[error] 
[error] Error: An unexpected error has occurred.
[debug] [2020-03-17T17:03:40.756Z] ----------------------------------------------------------------------
[debug] [2020-03-17T17:03:40.758Z] Command:       /usr/local/bin/node /usr/local/bin/firebase deploy --only hosting:write-on-me
[debug] [2020-03-17T17:03:40.758Z] CLI Version:   7.15.1
[debug] [2020-03-17T17:03:40.758Z] Platform:      linux
[debug] [2020-03-17T17:03:40.759Z] Node Version:  v12.14.1
[debug] [2020-03-17T17:03:40.759Z] Time:          Tue Mar 17 2020 18:03:40 GMT+0100 (Central European Standard Time)
[debug] [2020-03-17T17:03:40.759Z] ----------------------------------------------------------------------
[debug] [2020-03-17T17:03:40.759Z] 
[debug] [2020-03-17T17:03:40.765Z] > command requires scopes: ["email","openid","https://www.googleapis.com/auth/cloudplatformprojects.readonly","https://www.googleapis.com/auth/firebase","https://www.googleapis.com/auth/cloud-platform"]
[debug] [2020-03-17T17:03:40.765Z] > authorizing via signed-in user
[debug] [2020-03-17T17:03:40.765Z] [iam] checking project writeonme for permissions ["firebase.projects.get","firebasehosting.sites.update"]
[debug] [2020-03-17T17:03:40.767Z] >>> HTTP REQUEST POST https://cloudresourcemanager.googleapis.com/v1/projects/writeonme:testIamPermissions  

[debug] [2020-03-17T17:03:41.675Z] <<< HTTP RESPONSE 200
[debug] [2020-03-17T17:03:41.677Z] >>> HTTP REQUEST GET https://firebase.googleapis.com/v1beta1/projects/writeonme  
 
[debug] [2020-03-17T17:03:41.977Z] <<< HTTP RESPONSE 200
[info] 
[info] === Deploying to 'writeonme'...
[info] 
[info] i  deploying hosting
[info] 
[info] ✔  Deploy complete!
[info] 
[info] Project Console: https://console.firebase.google.com/project/writeonme/overview
[debug] [2020-03-17T17:03:42.099Z] TypeError: Cannot read property 'deploys' of undefined
    at /usr/local/lib/node_modules/firebase-tools/lib/deploy/index.js:84:36
    at processTicksAndRejections (internal/process/task_queues.js:94:5)
[error] 
[error] Error: An unexpected error has occurred.
[debug] [2020-03-17T17:06:41.201Z] ----------------------------------------------------------------------
[debug] [2020-03-17T17:06:41.203Z] Command:       /usr/local/bin/node /usr/local/bin/firebase deploy --only hosting:write-on-me
[debug] [2020-03-17T17:06:41.203Z] CLI Version:   7.15.1
[debug] [2020-03-17T17:06:41.204Z] Platform:      linux
[debug] [2020-03-17T17:06:41.204Z] Node Version:  v12.14.1
[debug] [2020-03-17T17:06:41.204Z] Time:          Tue Mar 17 2020 18:06:41 GMT+0100 (Central European Standard Time)
[debug] [2020-03-17T17:06:41.204Z] ----------------------------------------------------------------------
[debug] [2020-03-17T17:06:41.204Z] 
[debug] [2020-03-17T17:06:41.210Z] > command requires scopes: ["email","openid","https://www.googleapis.com/auth/cloudplatformprojects.readonly","https://www.googleapis.com/auth/firebase","https://www.googleapis.com/auth/cloud-platform"]
[debug] [2020-03-17T17:06:41.210Z] > authorizing via signed-in user
[debug] [2020-03-17T17:06:41.210Z] [iam] checking project writeonme for permissions ["firebase.projects.get","firebasehosting.sites.update"]
[debug] [2020-03-17T17:06:41.212Z] >>> HTTP REQUEST POST https://cloudresourcemanager.googleapis.com/v1/projects/writeonme:testIamPermissions  

[debug] [2020-03-17T17:06:42.114Z] <<< HTTP RESPONSE 200
[debug] [2020-03-17T17:06:42.116Z] >>> HTTP REQUEST GET https://firebase.googleapis.com/v1beta1/projects/writeonme  
 
[debug] [2020-03-17T17:06:42.519Z] <<< HTTP RESPONSE 200
[info] 
[info] === Deploying to 'writeonme'...
[info] 
[info] i  deploying hosting
[info] 
[info] ✔  Deploy complete!
[info] 
[info] Project Console: https://console.firebase.google.com/project/writeonme/overview
[debug] [2020-03-17T17:06:42.660Z] TypeError: Cannot read property 'deploys' of undefined
    at /usr/local/lib/node_modules/firebase-tools/lib/deploy/index.js:84:36
    at processTicksAndRejections (internal/process/task_queues.js:94:5)
[error] 
[error] Error: An unexpected error has occurred.
[debug] [2020-03-17T17:08:00.553Z] ----------------------------------------------------------------------
[debug] [2020-03-17T17:08:00.555Z] Command:       /usr/local/bin/node /usr/local/bin/firebase deploy --only hosting:write-on-me
[debug] [2020-03-17T17:08:00.555Z] CLI Version:   7.15.1
[debug] [2020-03-17T17:08:00.555Z] Platform:      linux
[debug] [2020-03-17T17:08:00.555Z] Node Version:  v12.14.1
[debug] [2020-03-17T17:08:00.555Z] Time:          Tue Mar 17 2020 18:08:00 GMT+0100 (Central European Standard Time)
[debug] [2020-03-17T17:08:00.555Z] ----------------------------------------------------------------------
[debug] [2020-03-17T17:08:00.555Z] 
[debug] [2020-03-17T17:08:00.561Z] > command requires scopes: ["email","openid","https://www.googleapis.com/auth/cloudplatformprojects.readonly","https://www.googleapis.com/auth/firebase","https://www.googleapis.com/auth/cloud-platform"]
[debug] [2020-03-17T17:08:00.561Z] > authorizing via signed-in user
[debug] [2020-03-17T17:08:00.561Z] [iam] checking project writeonme for permissions ["firebase.projects.get","firebasehosting.sites.update"]
[debug] [2020-03-17T17:08:00.563Z] >>> HTTP REQUEST POST https://cloudresourcemanager.googleapis.com/v1/projects/writeonme:testIamPermissions  

[debug] [2020-03-17T17:08:01.580Z] <<< HTTP RESPONSE 200
[debug] [2020-03-17T17:08:01.582Z] >>> HTTP REQUEST GET https://firebase.googleapis.com/v1beta1/projects/writeonme  
 
[debug] [2020-03-17T17:08:01.883Z] <<< HTTP RESPONSE 200
[info] 
[info] === Deploying to 'writeonme'...
[info] 
[info] i  deploying hosting
[info] 
[info] ✔  Deploy complete!
[info] 
[info] Project Console: https://console.firebase.google.com/project/writeonme/overview
[debug] [2020-03-17T17:08:01.970Z] TypeError: Cannot read property 'deploys' of undefined
    at /usr/local/lib/node_modules/firebase-tools/lib/deploy/index.js:84:36
    at processTicksAndRejections (internal/process/task_queues.js:94:5)
[error] 
[error] Error: An unexpected error has occurred.
